
ROM used: 3740 (11%)
          3744 (11%) including unused fragments

          4 Average locations per line
          10 Average locations per statement

RAM used: 100 (5%) at main() level
          129 (6%) worst case

Stack used: 4 worst case (out of 31 total available)

Lines Stmts  %   Files
----- ----- ---  -----
  111   119  33  i2c_RTC_eeprom.c
  158   116  32  SanUSBi2c.h
  430     0   0  ..\..\..\..\..\..\Program Files (x86)\PICC4\devices\18F4550.h
  252   131  36  i2c_sanusb.h
----- -----
  951   366 Total

Page ROM  %  RAM   Vol Diff  Functions:
---- --- --- ---   --- ----  ----------
0     40   1   1             @delay_ms1
0     36   0   0    47  2.5  @const78
0     42   1   0   315  4.0  @const80
0     34   0   1    47  1.8  clock_int_4MHz
0     12   0   1    57  3.0  swputc
0     36   0   2    78  3.6  sputc
0     50   1   3   114  3.4  sendsw
0     50   1   3   120  3.4  sends
0    424   6   9   542  3.8  sendnum
0     66   1   5   288  3.2  @DIV1616
0    372   5   4   806  3.4  i2i_ini
0    104   1   8   410  3.5  taxa_serial
0    122   2  13   106  1.3  @DIV3232
0     48   1   0   202  1.4  I2C_start
0     38   1   0   156  1.3  I2C_stop
0     28   0   0   106  1.3  i2c_nack
0     44   1   1   176  2.3  i2c_le_ack
0     52   1   2   319  4.7  I2C_escreve_byte
0     58   1   2   310  4.2  I2C_le_byte
0     92   1   6   380  5.3  escreve_eeprom
0     80   1   6   447  5.5  le_eeprom
0     64   1   3   204  2.4  escreve_rtc
0     44   1   2   226  2.4  le_rtc
0     56   1   3   373  7.2  send_hex
0     40   1   3    93  3.3  dec_para_bcd
0     40   1   3   101  3.4  @DIV88
0     22   0   2   101  3.4  conv_dec_2bytes
0    296   4   2  1941  6.9  recepcao_serial
0   1080  14  11  2837  7.9  MAIN
0     86   1  14             @MUL3232
0     30   0   5             @MUL1616

Program metrics:
    Functions               28
    Statements              366
    Comments                220
    Volume (V)              18622
    Difficilty (D)          101.8
    Effort to implement (E) 1895885
    Time to implement (T)   29 hours, 15 minutes
    Est Delivered Bugs (B)  5
    Cyclomatic Complexity   37
    Maintainability (MI)    49

 Segment     Used  Free
-----------  ----  ----
00000-00FFE     0  4096  
01000-01006     4  4  
01008-0109C   150  0  
0109E-07FFE  3586  24928  



