
ROM used: 2342 (7%)
          2346 (7%) including unused fragments

          3 Average locations per line
          10 Average locations per statement

RAM used: 60 (3%) at main() level
          71 (3%) worst case

Stack used: 3 worst case (out of 31 total available)

Lines Stmts  %   Files
----- ----- ---  -----
   63    40  17  i2c_EEPROM.c
  107    69  29  SanUSBi2c.h
  430     0   0  ..\..\..\..\..\..\Program Files (x86)\PICC4\devices\18F4550.h
  255   131  55  i2c_sanusb.h
----- -----
  855   240 Total

Page ROM  %  RAM   Vol Diff  Functions:
---- --- --- ---   --- ----  ----------
0     40   1   1             @delay_ms1
0     34   1   1    47  1.8  clock_int_4MHz
0     12   0   1    57  3.0  swputc
0     50   1   3   114  3.4  sendsw
0    424   9   9   542  3.8  sendnum
0     66   1   5             @DIV1616
0    104   2   8   410  3.5  taxa_serial
0    122   3  13             @DIV3232
0     48   1   0   202  1.4  I2C_start
0     38   1   0   156  1.3  I2C_stop
0     28   1   0   106  1.3  i2c_nack
0     44   1   1   176  2.3  i2c_le_ack
0     52   1   2   319  4.7  I2C_escreve_byte
0     58   1   2   310  4.2  I2C_le_byte
0     92   2   6   380  5.3  escreve_eeprom
0     80   2   6   447  5.5  le_eeprom
0     46   1   2   226  2.4  le_rtc
0     58   1   3   373  7.2  send_hex
0     22   0   2   101  3.4  conv_dec_2bytes
0      6   0   0     3  0.0  recepcao_serial
0    648  14  11  1416  7.3  MAIN
0     86   2  14             @MUL3232
0     30   1   5             @MUL1616

Program metrics:
    Functions               18
    Statements              240
    Comments                209
    Volume (V)              9111
    Difficilty (D)          62.3
    Effort to implement (E) 567201
    Time to implement (T)   8 hours, 45 minutes
    Est Delivered Bugs (B)  2
    Cyclomatic Complexity   15
    Maintainability (MI)    54

 Segment     Used  Free
-----------  ----  ----
00000-00FFE     0  4096  
01000-01006     4  4  
01008-0109C   150  0  
0109E-07FFE  2188  26326  



