
ROM used: 1852 (6%)
          1856 (6%) including unused fragments

          2 Average locations per line
          7 Average locations per statement

RAM used: 40 (2%) at main() level
          58 (3%) worst case

Stack used: 3 worst case (out of 31 total available)

Lines Stmts  %   Files
----- ----- ---  -----
   72    81  33  i2c_RTC.c
   92    35  14  SanUSBi2c.h
  430     0   0  ..\..\..\..\..\..\Program Files (x86)\PICC4\devices\18F4550.h
  255   131  53  i2c_sanusb.h
----- -----
  849   247 Total

Page ROM  %  RAM   Vol Diff  Functions:
---- --- --- ---   --- ----  ----------
0     40   1   1             @delay_ms1
0      8   0   0    22  1.2  clock_int_4MHz
0     12   0   1    57  3.0  swputc
0    104   3   8   410  3.5  taxa_serial
0    124   3  13             @DIV3232
0     48   1   0   202  1.4  I2C_start
0     38   1   0   156  1.3  I2C_stop
0     28   1   0   106  1.3  i2c_nack
0     44   1   1   176  2.3  i2c_le_ack
0     52   1   2   319  4.7  I2C_escreve_byte
0     58   2   2   310  4.2  I2C_le_byte
0     94   3   6   380  5.3  escreve_eeprom
0     82   2   6   447  5.5  le_eeprom
0     64   2   3   204  2.4  escreve_rtc
0     44   1   2   226  2.4  le_rtc
0     56   2   3   373  7.2  send_hex
0     40   1   3    93  3.3  dec_para_bcd
0     40   1   3             @DIV88
0    274   7   2  1841  6.9  recepcao_serial
0    448  12   1  1366  3.9  MAIN

Program metrics:
    Functions               17
    Statements              247
    Comments                207
    Volume (V)              10859
    Difficilty (D)          60.4
    Effort to implement (E) 655635
    Time to implement (T)   10 hours, 7 minutes
    Est Delivered Bugs (B)  3
    Cyclomatic Complexity   20
    Maintainability (MI)    55

 Segment     Used  Free
-----------  ----  ----
00000-00FFE     0  4096  
01000-01006     4  4  
01008-0109C   150  0  
0109E-07FFE  1698  26816  



